<?xml version="1.0" encoding="UTF-8"?>
<!-- Generated by org.testng.reporters.JUnitXMLReporter -->
<testsuite ignored="0" hostname="LAPTOP-VI1LQGDF" failures="0" tests="3" name="Default test" time="19.853" errors="0" timestamp="2025-08-23T09:23:35 GMT-07:00">
  <testcase classname="testCases.testCases_LogoutScreen" name="CheckUI" time="3.152"/>
  <testcase classname="testCases.testCases_LogoutScreen" name="pressNoButton" time="0.806"/>
  <testcase classname="testCases.testCases_LogoutScreen" name="pressYesButton" time="7.519"/>
</testsuite> <!-- Default test -->
