<?xml version="1.0" encoding="UTF-8"?>
<testng-results ignored="0" total="3" passed="3" failed="0" skipped="0">
  <reporter-output>
  </reporter-output>
  <suite started-at="2025-08-23T09:23:15 GMT-07:00" name="Default suite" finished-at="2025-08-23T09:23:35 GMT-07:00" duration-ms="19853">
    <groups>
    </groups>
    <test started-at="2025-08-23T09:23:15 GMT-07:00" name="Default test" finished-at="2025-08-23T09:23:35 GMT-07:00" duration-ms="19853">
      <class name="testCases.testCases_LogoutScreen">
        <test-method is-config="true" signature="SetUp()[pri:0, instance:testCases.testCases_LogoutScreen@229f66ed]" started-at="2025-08-23T09:23:15 GMT-07:00" name="SetUp" finished-at="2025-08-23T09:23:21 GMT-07:00" duration-ms="5437" status="PASS">
          <reporter-output>
          </reporter-output>
        </test-method> <!-- SetUp -->
        <test-method is-config="true" signature="init()[pri:0, instance:testCases.testCases_LogoutScreen@229f66ed]" started-at="2025-08-23T09:23:21 GMT-07:00" name="init" finished-at="2025-08-23T09:23:22 GMT-07:00" duration-ms="1369" status="PASS">
          <reporter-output>
          </reporter-output>
        </test-method> <!-- init -->
        <test-method signature="CheckUI()[pri:1, instance:testCases.testCases_LogoutScreen@229f66ed]" started-at="2025-08-23T09:23:22 GMT-07:00" name="CheckUI" finished-at="2025-08-23T09:23:25 GMT-07:00" duration-ms="3152" status="PASS">
          <reporter-output>
          </reporter-output>
        </test-method> <!-- CheckUI -->
        <test-method is-config="true" signature="init()[pri:0, instance:testCases.testCases_LogoutScreen@229f66ed]" started-at="2025-08-23T09:23:25 GMT-07:00" name="init" finished-at="2025-08-23T09:23:25 GMT-07:00" duration-ms="15" status="PASS">
          <reporter-output>
          </reporter-output>
        </test-method> <!-- init -->
        <test-method signature="pressNoButton()[pri:2, instance:testCases.testCases_LogoutScreen@229f66ed]" started-at="2025-08-23T09:23:25 GMT-07:00" name="pressNoButton" finished-at="2025-08-23T09:23:26 GMT-07:00" duration-ms="806" status="PASS">
          <reporter-output>
          </reporter-output>
        </test-method> <!-- pressNoButton -->
        <test-method is-config="true" signature="init()[pri:0, instance:testCases.testCases_LogoutScreen@229f66ed]" started-at="2025-08-23T09:23:26 GMT-07:00" name="init" finished-at="2025-08-23T09:23:26 GMT-07:00" duration-ms="18" status="PASS">
          <reporter-output>
          </reporter-output>
        </test-method> <!-- init -->
        <test-method signature="pressYesButton()[pri:3, instance:testCases.testCases_LogoutScreen@229f66ed]" started-at="2025-08-23T09:23:26 GMT-07:00" name="pressYesButton" finished-at="2025-08-23T09:23:34 GMT-07:00" duration-ms="7519" status="PASS">
          <reporter-output>
          </reporter-output>
        </test-method> <!-- pressYesButton -->
        <test-method is-config="true" signature="tearDown()[pri:0, instance:testCases.testCases_LogoutScreen@229f66ed]" started-at="2025-08-23T09:23:34 GMT-07:00" name="tearDown" finished-at="2025-08-23T09:23:35 GMT-07:00" duration-ms="1449" status="PASS">
          <reporter-output>
          </reporter-output>
        </test-method> <!-- tearDown -->
      </class> <!-- testCases.testCases_LogoutScreen -->
    </test> <!-- Default test -->
  </suite> <!-- Default suite -->
</testng-results>
