<?xml version="1.0" encoding="UTF-8"?>
<testng-results ignored="0" total="13" passed="12" failed="1" skipped="0">
  <reporter-output>
  </reporter-output>
  <suite started-at="2025-08-20T23:09:14 GMT-07:00" name="Default suite" finished-at="2025-08-20T23:11:12 GMT-07:00" duration-ms="118113">
    <groups>
    </groups>
    <test started-at="2025-08-20T23:09:14 GMT-07:00" name="Default test" finished-at="2025-08-20T23:11:12 GMT-07:00" duration-ms="118113">
      <class name="testCases.testCases_Login">
        <test-method is-config="true" signature="SetUp()[pri:0, instance:testCases.testCases_Login@dd05255]" started-at="2025-08-20T23:09:14 GMT-07:00" name="SetUp" finished-at="2025-08-20T23:09:19 GMT-07:00" duration-ms="4821" status="PASS">
          <reporter-output>
          </reporter-output>
        </test-method> <!-- SetUp -->
        <test-method is-config="true" signature="initPage()[pri:0, instance:testCases.testCases_Login@dd05255]" started-at="2025-08-20T23:09:19 GMT-07:00" name="initPage" finished-at="2025-08-20T23:09:19 GMT-07:00" duration-ms="513" status="PASS">
          <reporter-output>
          </reporter-output>
        </test-method> <!-- initPage -->
        <test-method signature="loginLogoTextDisplay()[pri:1, instance:testCases.testCases_Login@dd05255]" started-at="2025-08-20T23:09:19 GMT-07:00" name="loginLogoTextDisplay" finished-at="2025-08-20T23:09:21 GMT-07:00" duration-ms="1900" status="PASS">
          <reporter-output>
          </reporter-output>
        </test-method> <!-- loginLogoTextDisplay -->
        <test-method is-config="true" signature="initPage()[pri:0, instance:testCases.testCases_Login@dd05255]" started-at="2025-08-20T23:09:21 GMT-07:00" name="initPage" finished-at="2025-08-20T23:09:21 GMT-07:00" duration-ms="6" status="PASS">
          <reporter-output>
          </reporter-output>
        </test-method> <!-- initPage -->
        <test-method signature="blankData(java.lang.String,java.lang.String,java.lang.String)[pri:2, instance:testCases.testCases_Login@dd05255]" started-at="2025-08-20T23:09:21 GMT-07:00" name="blankData" data-provider="loginBlankData" finished-at="2025-08-20T23:09:27 GMT-07:00" duration-ms="6309" status="PASS">
          <params>
            <param index="0">
              <value>
                <![CDATA[]]>
              </value>
            </param>
            <param index="1">
              <value>
                <![CDATA[]]>
              </value>
            </param>
            <param index="2">
              <value>
                <![CDATA[]]>
              </value>
            </param>
          </params>
          <reporter-output>
          </reporter-output>
        </test-method> <!-- blankData -->
        <test-method is-config="true" signature="initPage()[pri:0, instance:testCases.testCases_Login@dd05255]" started-at="2025-08-20T23:09:27 GMT-07:00" name="initPage" finished-at="2025-08-20T23:09:27 GMT-07:00" duration-ms="9" status="PASS">
          <reporter-output>
          </reporter-output>
        </test-method> <!-- initPage -->
        <test-method signature="blankData(java.lang.String,java.lang.String,java.lang.String)[pri:2, instance:testCases.testCases_Login@dd05255]" started-at="2025-08-20T23:09:27 GMT-07:00" name="blankData" data-provider="loginBlankData" finished-at="2025-08-20T23:09:34 GMT-07:00" duration-ms="6993" status="PASS">
          <params>
            <param index="0">
              <value>
                <![CDATA[chain]]>
              </value>
            </param>
            <param index="1">
              <value>
                <![CDATA[]]>
              </value>
            </param>
            <param index="2">
              <value>
                <![CDATA[]]>
              </value>
            </param>
          </params>
          <reporter-output>
          </reporter-output>
        </test-method> <!-- blankData -->
        <test-method is-config="true" signature="initPage()[pri:0, instance:testCases.testCases_Login@dd05255]" started-at="2025-08-20T23:09:34 GMT-07:00" name="initPage" finished-at="2025-08-20T23:09:34 GMT-07:00" duration-ms="5" status="PASS">
          <reporter-output>
          </reporter-output>
        </test-method> <!-- initPage -->
        <test-method signature="blankData(java.lang.String,java.lang.String,java.lang.String)[pri:2, instance:testCases.testCases_Login@dd05255]" started-at="2025-08-20T23:09:34 GMT-07:00" name="blankData" data-provider="loginBlankData" finished-at="2025-08-20T23:09:41 GMT-07:00" duration-ms="7048" status="PASS">
          <params>
            <param index="0">
              <value>
                <![CDATA[]]>
              </value>
            </param>
            <param index="1">
              <value>
                <![CDATA[vivek.dubey521@gmail.com]]>
              </value>
            </param>
            <param index="2">
              <value>
                <![CDATA[]]>
              </value>
            </param>
          </params>
          <reporter-output>
          </reporter-output>
        </test-method> <!-- blankData -->
        <test-method is-config="true" signature="initPage()[pri:0, instance:testCases.testCases_Login@dd05255]" started-at="2025-08-20T23:09:41 GMT-07:00" name="initPage" finished-at="2025-08-20T23:09:41 GMT-07:00" duration-ms="3" status="PASS">
          <reporter-output>
          </reporter-output>
        </test-method> <!-- initPage -->
        <test-method signature="blankData(java.lang.String,java.lang.String,java.lang.String)[pri:2, instance:testCases.testCases_Login@dd05255]" started-at="2025-08-20T23:09:41 GMT-07:00" name="blankData" data-provider="loginBlankData" finished-at="2025-08-20T23:09:48 GMT-07:00" duration-ms="6963" status="PASS">
          <params>
            <param index="0">
              <value>
                <![CDATA[]]>
              </value>
            </param>
            <param index="1">
              <value>
                <![CDATA[]]>
              </value>
            </param>
            <param index="2">
              <value>
                <![CDATA[Vivek@123]]>
              </value>
            </param>
          </params>
          <reporter-output>
          </reporter-output>
        </test-method> <!-- blankData -->
        <test-method is-config="true" signature="initPage()[pri:0, instance:testCases.testCases_Login@dd05255]" started-at="2025-08-20T23:09:48 GMT-07:00" name="initPage" finished-at="2025-08-20T23:09:48 GMT-07:00" duration-ms="13" status="PASS">
          <reporter-output>
          </reporter-output>
        </test-method> <!-- initPage -->
        <test-method signature="invalidEmailId(java.lang.String,java.lang.String,java.lang.String)[pri:3, instance:testCases.testCases_Login@dd05255]" started-at="2025-08-20T23:09:48 GMT-07:00" name="invalidEmailId" data-provider="invalidEmailData" finished-at="2025-08-20T23:09:57 GMT-07:00" duration-ms="8143" status="PASS">
          <params>
            <param index="0">
              <value>
                <![CDATA[chain]]>
              </value>
            </param>
            <param index="1">
              <value>
                <![CDATA[vivek.com]]>
              </value>
            </param>
            <param index="2">
              <value>
                <![CDATA[Vivek@123]]>
              </value>
            </param>
          </params>
          <reporter-output>
          </reporter-output>
        </test-method> <!-- invalidEmailId -->
        <test-method is-config="true" signature="initPage()[pri:0, instance:testCases.testCases_Login@dd05255]" started-at="2025-08-20T23:09:57 GMT-07:00" name="initPage" finished-at="2025-08-20T23:09:57 GMT-07:00" duration-ms="6" status="PASS">
          <reporter-output>
          </reporter-output>
        </test-method> <!-- initPage -->
        <test-method signature="invalidEmailId(java.lang.String,java.lang.String,java.lang.String)[pri:3, instance:testCases.testCases_Login@dd05255]" started-at="2025-08-20T23:09:57 GMT-07:00" name="invalidEmailId" data-provider="invalidEmailData" finished-at="2025-08-20T23:10:04 GMT-07:00" duration-ms="7859" status="PASS">
          <params>
            <param index="0">
              <value>
                <![CDATA[chain]]>
              </value>
            </param>
            <param index="1">
              <value>
                <![CDATA[vivek@gmail]]>
              </value>
            </param>
            <param index="2">
              <value>
                <![CDATA[Vivek@123]]>
              </value>
            </param>
          </params>
          <reporter-output>
          </reporter-output>
        </test-method> <!-- invalidEmailId -->
        <test-method is-config="true" signature="initPage()[pri:0, instance:testCases.testCases_Login@dd05255]" started-at="2025-08-20T23:10:04 GMT-07:00" name="initPage" finished-at="2025-08-20T23:10:04 GMT-07:00" duration-ms="7" status="PASS">
          <reporter-output>
          </reporter-output>
        </test-method> <!-- initPage -->
        <test-method signature="invalidEmailId(java.lang.String,java.lang.String,java.lang.String)[pri:3, instance:testCases.testCases_Login@dd05255]" started-at="2025-08-20T23:10:04 GMT-07:00" name="invalidEmailId" data-provider="invalidEmailData" finished-at="2025-08-20T23:10:13 GMT-07:00" duration-ms="8879" status="PASS">
          <params>
            <param index="0">
              <value>
                <![CDATA[chain]]>
              </value>
            </param>
            <param index="1">
              <value>
                <![CDATA[vivek]]>
              </value>
            </param>
            <param index="2">
              <value>
                <![CDATA[Vivek@123]]>
              </value>
            </param>
          </params>
          <reporter-output>
          </reporter-output>
        </test-method> <!-- invalidEmailId -->
        <test-method is-config="true" signature="initPage()[pri:0, instance:testCases.testCases_Login@dd05255]" started-at="2025-08-20T23:10:13 GMT-07:00" name="initPage" finished-at="2025-08-20T23:10:13 GMT-07:00" duration-ms="2" status="PASS">
          <reporter-output>
          </reporter-output>
        </test-method> <!-- initPage -->
        <test-method signature="validationLogin(java.lang.String,java.lang.String,java.lang.String)[pri:4, instance:testCases.testCases_Login@dd05255]" started-at="2025-08-20T23:10:13 GMT-07:00" name="validationLogin" data-provider="invalidMerchantDetails" finished-at="2025-08-20T23:10:25 GMT-07:00" duration-ms="11713" status="PASS">
          <params>
            <param index="0">
              <value>
                <![CDATA[chain]]>
              </value>
            </param>
            <param index="1">
              <value>
                <![CDATA[vivek.dubey521@gmail.com]]>
              </value>
            </param>
            <param index="2">
              <value>
                <![CDATA[123]]>
              </value>
            </param>
          </params>
          <reporter-output>
          </reporter-output>
        </test-method> <!-- validationLogin -->
        <test-method is-config="true" signature="initPage()[pri:0, instance:testCases.testCases_Login@dd05255]" started-at="2025-08-20T23:10:25 GMT-07:00" name="initPage" finished-at="2025-08-20T23:10:25 GMT-07:00" duration-ms="5" status="PASS">
          <reporter-output>
          </reporter-output>
        </test-method> <!-- initPage -->
        <test-method signature="validationLogin(java.lang.String,java.lang.String,java.lang.String)[pri:4, instance:testCases.testCases_Login@dd05255]" started-at="2025-08-20T23:10:25 GMT-07:00" name="validationLogin" data-provider="invalidMerchantDetails" finished-at="2025-08-20T23:10:36 GMT-07:00" duration-ms="11235" status="PASS">
          <params>
            <param index="0">
              <value>
                <![CDATA[chaining]]>
              </value>
            </param>
            <param index="1">
              <value>
                <![CDATA[vivek.dubey521@gmail.com]]>
              </value>
            </param>
            <param index="2">
              <value>
                <![CDATA[Vivek@123]]>
              </value>
            </param>
          </params>
          <reporter-output>
          </reporter-output>
        </test-method> <!-- validationLogin -->
        <test-method is-config="true" signature="initPage()[pri:0, instance:testCases.testCases_Login@dd05255]" started-at="2025-08-20T23:10:36 GMT-07:00" name="initPage" finished-at="2025-08-20T23:10:36 GMT-07:00" duration-ms="5" status="PASS">
          <reporter-output>
          </reporter-output>
        </test-method> <!-- initPage -->
        <test-method signature="validationLogin(java.lang.String,java.lang.String,java.lang.String)[pri:4, instance:testCases.testCases_Login@dd05255]" started-at="2025-08-20T23:10:36 GMT-07:00" name="validationLogin" data-provider="invalidMerchantDetails" finished-at="2025-08-20T23:10:48 GMT-07:00" duration-ms="11329" status="PASS">
          <params>
            <param index="0">
              <value>
                <![CDATA[chain]]>
              </value>
            </param>
            <param index="1">
              <value>
                <![CDATA[vivek@yahoo.com]]>
              </value>
            </param>
            <param index="2">
              <value>
                <![CDATA[Vivek@123]]>
              </value>
            </param>
          </params>
          <reporter-output>
          </reporter-output>
        </test-method> <!-- validationLogin -->
        <test-method is-config="true" signature="initPage()[pri:0, instance:testCases.testCases_Login@dd05255]" started-at="2025-08-20T23:10:48 GMT-07:00" name="initPage" finished-at="2025-08-20T23:10:48 GMT-07:00" duration-ms="4" status="PASS">
          <reporter-output>
          </reporter-output>
        </test-method> <!-- initPage -->
        <test-method signature="otherText()[pri:5, instance:testCases.testCases_Login@dd05255]" started-at="2025-08-20T23:10:48 GMT-07:00" name="otherText" finished-at="2025-08-20T23:10:55 GMT-07:00" duration-ms="7360" status="PASS">
          <reporter-output>
          </reporter-output>
        </test-method> <!-- otherText -->
        <test-method is-config="true" signature="initPage()[pri:0, instance:testCases.testCases_Login@dd05255]" started-at="2025-08-20T23:10:55 GMT-07:00" name="initPage" finished-at="2025-08-20T23:10:55 GMT-07:00" duration-ms="7" status="PASS">
          <reporter-output>
          </reporter-output>
        </test-method> <!-- initPage -->
        <test-method signature="validLogin(java.lang.String,java.lang.String,java.lang.String)[pri:6, instance:testCases.testCases_Login@dd05255]" started-at="2025-08-20T23:10:55 GMT-07:00" name="validLogin" data-provider="validDataLogin" finished-at="2025-08-20T23:11:11 GMT-07:00" duration-ms="15589" status="FAIL">
          <params>
            <param index="0">
              <value>
                <![CDATA[chain]]>
              </value>
            </param>
            <param index="1">
              <value>
                <![CDATA[vivek.dubey521@gmail.com]]>
              </value>
            </param>
            <param index="2">
              <value>
                <![CDATA[Vivek@123]]>
              </value>
            </param>
          </params>
          <exception class="java.lang.AssertionError">
            <message>
              <![CDATA[expected [Please wait... while we are set up the Database] but found [Please wait... while we set up the Database]]]>
            </message>
            <full-stacktrace>
              <![CDATA[java.lang.AssertionError: expected [Please wait... while we are set up the Database] but found [Please wait... while we set up the Database]
at org.testng.Assert.fail(Assert.java:111)
at org.testng.Assert.failNotEquals(Assert.java:1590)
at org.testng.Assert.assertEqualsImpl(Assert.java:150)
at org.testng.Assert.assertEquals(Assert.java:132)
at org.testng.Assert.assertEquals(Assert.java:656)
at org.testng.Assert.assertEquals(Assert.java:666)
at testCases.testCases_Login.validLogin(testCases_Login.java:137)
at java.base/jdk.internal.reflect.DirectMethodHandleAccessor.invoke(DirectMethodHandleAccessor.java:103)
at java.base/java.lang.reflect.Method.invoke(Method.java:580)
at org.testng.internal.invokers.MethodInvocationHelper.invokeMethod(MethodInvocationHelper.java:141)
at org.testng.internal.invokers.TestInvoker.invokeMethod(TestInvoker.java:687)
at org.testng.internal.invokers.TestInvoker.invokeTestMethod(TestInvoker.java:230)
at org.testng.internal.invokers.MethodRunner.runInSequence(MethodRunner.java:63)
at org.testng.internal.invokers.TestInvoker$MethodInvocationAgent.invoke(TestInvoker.java:995)
at org.testng.internal.invokers.TestInvoker.invokeTestMethods(TestInvoker.java:203)
at org.testng.internal.invokers.TestMethodWorker.invokeTestMethods(TestMethodWorker.java:154)
at org.testng.internal.invokers.TestMethodWorker.run(TestMethodWorker.java:134)
at java.base/java.util.ArrayList.forEach(ArrayList.java:1596)
at org.testng.TestRunner.privateRun(TestRunner.java:741)
at org.testng.TestRunner.run(TestRunner.java:616)
at org.testng.SuiteRunner.runTest(SuiteRunner.java:421)
at org.testng.SuiteRunner.runSequentially(SuiteRunner.java:413)
at org.testng.SuiteRunner.privateRun(SuiteRunner.java:373)
at org.testng.SuiteRunner.run(SuiteRunner.java:312)
at org.testng.SuiteRunnerWorker.runSuite(SuiteRunnerWorker.java:52)
at org.testng.SuiteRunnerWorker.run(SuiteRunnerWorker.java:95)
at org.testng.TestNG.runSuitesSequentially(TestNG.java:1274)
at org.testng.TestNG.runSuitesLocally(TestNG.java:1208)
at org.testng.TestNG.runSuites(TestNG.java:1112)
at org.testng.TestNG.run(TestNG.java:1079)
at org.testng.remote.AbstractRemoteTestNG.run(AbstractRemoteTestNG.java:115)
at org.testng.remote.RemoteTestNG.initAndRun(RemoteTestNG.java:293)
at org.testng.remote.RemoteTestNG.main(RemoteTestNG.java:91)
]]>
            </full-stacktrace>
          </exception> <!-- java.lang.AssertionError -->
          <reporter-output>
          </reporter-output>
        </test-method> <!-- validLogin -->
        <test-method is-config="true" signature="tearDown()[pri:0, instance:testCases.testCases_Login@dd05255]" started-at="2025-08-20T23:11:11 GMT-07:00" name="tearDown" finished-at="2025-08-20T23:11:12 GMT-07:00" duration-ms="1283" status="PASS">
          <reporter-output>
          </reporter-output>
        </test-method> <!-- tearDown -->
      </class> <!-- testCases.testCases_Login -->
    </test> <!-- Default test -->
  </suite> <!-- Default suite -->
</testng-results>
